	Deg=5
	outputPath=./Outputfiles/
	N_simul=40
	N_thermal=40000
	N_algo=20000
	N_temp=10
	N_measure=1
	J1=1
	J2=0
	J3=0
	T_start=0.1
	T_end=10
	Deg=5
	outputPath=./Outputfiles/
	N_simul=40
	N_thermal=40000
	N_algo=20000
	N_temp=10
	N_measure=1
	J1=1
	J2=0
	J3=0
	T_start=0.1
	T_end=10
0 out of 40000 thermal steps done.
100 out of 40000 thermal steps done.
200 out of 40000 thermal steps done.
300 out of 40000 thermal steps done.
400 out of 40000 thermal steps done.
500 out of 40000 thermal steps done.
600 out of 40000 thermal steps done.
700 out of 40000 thermal steps done.
800 out of 40000 thermal steps done.
900 out of 40000 thermal steps done.
1000 out of 40000 thermal steps done.
1100 out of 40000 thermal steps done.
1200 out of 40000 thermal steps done.
1300 out of 40000 thermal steps done.
1400 out of 40000 thermal steps done.
1500 out of 40000 thermal steps done.
1600 out of 40000 thermal steps done.
1700 out of 40000 thermal steps done.
1800 out of 40000 thermal steps done.
1900 out of 40000 thermal steps done.
2000 out of 40000 thermal steps done.
2100 out of 40000 thermal steps done.
2200 out of 40000 thermal steps done.
2300 out of 40000 thermal steps done.
2400 out of 40000 thermal steps done.
2500 out of 40000 thermal steps done.
2600 out of 40000 thermal steps done.
2700 out of 40000 thermal steps done.
2800 out of 40000 thermal steps done.
2900 out of 40000 thermal steps done.
3000 out of 40000 thermal steps done.
3100 out of 40000 thermal steps done.
3200 out of 40000 thermal steps done.
3300 out of 40000 thermal steps done.
3400 out of 40000 thermal steps done.
3500 out of 40000 thermal steps done.
3600 out of 40000 thermal steps done.
3700 out of 40000 thermal steps done.
3800 out of 40000 thermal steps done.
3900 out of 40000 thermal steps done.
4000 out of 40000 thermal steps done.
4100 out of 40000 thermal steps done.
4200 out of 40000 thermal steps done.
4300 out of 40000 thermal steps done.
4400 out of 40000 thermal steps done.
4500 out of 40000 thermal steps done.
4600 out of 40000 thermal steps done.
4700 out of 40000 thermal steps done.
4800 out of 40000 thermal steps done.
4900 out of 40000 thermal steps done.
5000 out of 40000 thermal steps done.
5100 out of 40000 thermal steps done.
5200 out of 40000 thermal steps done.
5300 out of 40000 thermal steps done.
5400 out of 40000 thermal steps done.
5500 out of 40000 thermal steps done.
5600 out of 40000 thermal steps done.
5700 out of 40000 thermal steps done.
5800 out of 40000 thermal steps done.
5900 out of 40000 thermal steps done.
6000 out of 40000 thermal steps done.
6100 out of 40000 thermal steps done.
6200 out of 40000 thermal steps done.
6300 out of 40000 thermal steps done.
6400 out of 40000 thermal steps done.
6500 out of 40000 thermal steps done.
6600 out of 40000 thermal steps done.
6700 out of 40000 thermal steps done.
6800 out of 40000 thermal steps done.
6900 out of 40000 thermal steps done.
7000 out of 40000 thermal steps done.
7100 out of 40000 thermal steps done.
7200 out of 40000 thermal steps done.
7300 out of 40000 thermal steps done.
7400 out of 40000 thermal steps done.
7500 out of 40000 thermal steps done.
7600 out of 40000 thermal steps done.
7700 out of 40000 thermal steps done.
7800 out of 40000 thermal steps done.
7900 out of 40000 thermal steps done.
8000 out of 40000 thermal steps done.
8100 out of 40000 thermal steps done.
8200 out of 40000 thermal steps done.
8300 out of 40000 thermal steps done.
8400 out of 40000 thermal steps done.
8500 out of 40000 thermal steps done.
8600 out of 40000 thermal steps done.
8700 out of 40000 thermal steps done.
8800 out of 40000 thermal steps done.
8900 out of 40000 thermal steps done.
9000 out of 40000 thermal steps done.
9100 out of 40000 thermal steps done.
9200 out of 40000 thermal steps done.
9300 out of 40000 thermal steps done.
9400 out of 40000 thermal steps done.
9500 out of 40000 thermal steps done.
9600 out of 40000 thermal steps done.
9700 out of 40000 thermal steps done.
9800 out of 40000 thermal steps done.
9900 out of 40000 thermal steps done.
10000 out of 40000 thermal steps done.
10100 out of 40000 thermal steps done.
10200 out of 40000 thermal steps done.
10300 out of 40000 thermal steps done.
10400 out of 40000 thermal steps done.
10500 out of 40000 thermal steps done.
10600 out of 40000 thermal steps done.
10700 out of 40000 thermal steps done.
10800 out of 40000 thermal steps done.
10900 out of 40000 thermal steps done.
11000 out of 40000 thermal steps done.
11100 out of 40000 thermal steps done.
11200 out of 40000 thermal steps done.
11300 out of 40000 thermal steps done.
11400 out of 40000 thermal steps done.
11500 out of 40000 thermal steps done.
11600 out of 40000 thermal steps done.
11700 out of 40000 thermal steps done.
11800 out of 40000 thermal steps done.
11900 out of 40000 thermal steps done.
12000 out of 40000 thermal steps done.
12100 out of 40000 thermal steps done.
12200 out of 40000 thermal steps done.
12300 out of 40000 thermal steps done.
12400 out of 40000 thermal steps done.
12500 out of 40000 thermal steps done.
12600 out of 40000 thermal steps done.
12700 out of 40000 thermal steps done.
12800 out of 40000 thermal steps done.
12900 out of 40000 thermal steps done.
13000 out of 40000 thermal steps done.
13100 out of 40000 thermal steps done.
13200 out of 40000 thermal steps done.
13300 out of 40000 thermal steps done.
13400 out of 40000 thermal steps done.
13500 out of 40000 thermal steps done.
13600 out of 40000 thermal steps done.
13700 out of 40000 thermal steps done.
13800 out of 40000 thermal steps done.
13900 out of 40000 thermal steps done.
14000 out of 40000 thermal steps done.
14100 out of 40000 thermal steps done.
14200 out of 40000 thermal steps done.
14300 out of 40000 thermal steps done.
14400 out of 40000 thermal steps done.
14500 out of 40000 thermal steps done.
14600 out of 40000 thermal steps done.
14700 out of 40000 thermal steps done.
14800 out of 40000 thermal steps done.
14900 out of 40000 thermal steps done.
15000 out of 40000 thermal steps done.
15100 out of 40000 thermal steps done.
15200 out of 40000 thermal steps done.
15300 out of 40000 thermal steps done.
15400 out of 40000 thermal steps done.
15500 out of 40000 thermal steps done.
15600 out of 40000 thermal steps done.
15700 out of 40000 thermal steps done.
15800 out of 40000 thermal steps done.
15900 out of 40000 thermal steps done.
16000 out of 40000 thermal steps done.
16100 out of 40000 thermal steps done.
16200 out of 40000 thermal steps done.
16300 out of 40000 thermal steps done.
16400 out of 40000 thermal steps done.
16500 out of 40000 thermal steps done.
16600 out of 40000 thermal steps done.
16700 out of 40000 thermal steps done.
16800 out of 40000 thermal steps done.
16900 out of 40000 thermal steps done.
17000 out of 40000 thermal steps done.
17100 out of 40000 thermal steps done.
17200 out of 40000 thermal steps done.
17300 out of 40000 thermal steps done.
17400 out of 40000 thermal steps done.
17500 out of 40000 thermal steps done.
17600 out of 40000 thermal steps done.
17700 out of 40000 thermal steps done.
17800 out of 40000 thermal steps done.
17900 out of 40000 thermal steps done.
18000 out of 40000 thermal steps done.
18100 out of 40000 thermal steps done.
18200 out of 40000 thermal steps done.
18300 out of 40000 thermal steps done.
18400 out of 40000 thermal steps done.
18500 out of 40000 thermal steps done.
18600 out of 40000 thermal steps done.
18700 out of 40000 thermal steps done.
18800 out of 40000 thermal steps done.
18900 out of 40000 thermal steps done.
19000 out of 40000 thermal steps done.
19100 out of 40000 thermal steps done.
19200 out of 40000 thermal steps done.
19300 out of 40000 thermal steps done.
19400 out of 40000 thermal steps done.
19500 out of 40000 thermal steps done.
19600 out of 40000 thermal steps done.
19700 out of 40000 thermal steps done.
19800 out of 40000 thermal steps done.
19900 out of 40000 thermal steps done.
20000 out of 40000 thermal steps done.
20100 out of 40000 thermal steps done.
20200 out of 40000 thermal steps done.
20300 out of 40000 thermal steps done.
20400 out of 40000 thermal steps done.
20500 out of 40000 thermal steps done.
20600 out of 40000 thermal steps done.
20700 out of 40000 thermal steps done.
20800 out of 40000 thermal steps done.
20900 out of 40000 thermal steps done.
21000 out of 40000 thermal steps done.
21100 out of 40000 thermal steps done.
21200 out of 40000 thermal steps done.
21300 out of 40000 thermal steps done.
21400 out of 40000 thermal steps done.
21500 out of 40000 thermal steps done.
21600 out of 40000 thermal steps done.
21700 out of 40000 thermal steps done.
21800 out of 40000 thermal steps done.
21900 out of 40000 thermal steps done.
22000 out of 40000 thermal steps done.
22100 out of 40000 thermal steps done.
22200 out of 40000 thermal steps done.
22300 out of 40000 thermal steps done.
22400 out of 40000 thermal steps done.
22500 out of 40000 thermal steps done.
22600 out of 40000 thermal steps done.
22700 out of 40000 thermal steps done.
22800 out of 40000 thermal steps done.
22900 out of 40000 thermal steps done.
23000 out of 40000 thermal steps done.
23100 out of 40000 thermal steps done.
23200 out of 40000 thermal steps done.
23300 out of 40000 thermal steps done.
23400 out of 40000 thermal steps done.
23500 out of 40000 thermal steps done.
23600 out of 40000 thermal steps done.
23700 out of 40000 thermal steps done.
23800 out of 40000 thermal steps done.
23900 out of 40000 thermal steps done.
24000 out of 40000 thermal steps done.
24100 out of 40000 thermal steps done.
24200 out of 40000 thermal steps done.
24300 out of 40000 thermal steps done.
24400 out of 40000 thermal steps done.
24500 out of 40000 thermal steps done.
24600 out of 40000 thermal steps done.
24700 out of 40000 thermal steps done.
24800 out of 40000 thermal steps done.
24900 out of 40000 thermal steps done.
25000 out of 40000 thermal steps done.
25100 out of 40000 thermal steps done.
25200 out of 40000 thermal steps done.
25300 out of 40000 thermal steps done.
25400 out of 40000 thermal steps done.
25500 out of 40000 thermal steps done.
25600 out of 40000 thermal steps done.
25700 out of 40000 thermal steps done.
25800 out of 40000 thermal steps done.
25900 out of 40000 thermal steps done.
26000 out of 40000 thermal steps done.
26100 out of 40000 thermal steps done.
26200 out of 40000 thermal steps done.
26300 out of 40000 thermal steps done.
26400 out of 40000 thermal steps done.
26500 out of 40000 thermal steps done.
26600 out of 40000 thermal steps done.
26700 out of 40000 thermal steps done.
26800 out of 40000 thermal steps done.
26900 out of 40000 thermal steps done.
27000 out of 40000 thermal steps done.
27100 out of 40000 thermal steps done.
27200 out of 40000 thermal steps done.
27300 out of 40000 thermal steps done.
27400 out of 40000 thermal steps done.
27500 out of 40000 thermal steps done.
27600 out of 40000 thermal steps done.
27700 out of 40000 thermal steps done.
27800 out of 40000 thermal steps done.
27900 out of 40000 thermal steps done.
28000 out of 40000 thermal steps done.
28100 out of 40000 thermal steps done.
28200 out of 40000 thermal steps done.
28300 out of 40000 thermal steps done.
28400 out of 40000 thermal steps done.
28500 out of 40000 thermal steps done.
28600 out of 40000 thermal steps done.
28700 out of 40000 thermal steps done.
28800 out of 40000 thermal steps done.
28900 out of 40000 thermal steps done.
29000 out of 40000 thermal steps done.
29100 out of 40000 thermal steps done.
29200 out of 40000 thermal steps done.
29300 out of 40000 thermal steps done.
29400 out of 40000 thermal steps done.
29500 out of 40000 thermal steps done.
29600 out of 40000 thermal steps done.
29700 out of 40000 thermal steps done.
29800 out of 40000 thermal steps done.
29900 out of 40000 thermal steps done.
30000 out of 40000 thermal steps done.
30100 out of 40000 thermal steps done.
30200 out of 40000 thermal steps done.
30300 out of 40000 thermal steps done.
30400 out of 40000 thermal steps done.
30500 out of 40000 thermal steps done.
30600 out of 40000 thermal steps done.
30700 out of 40000 thermal steps done.
30800 out of 40000 thermal steps done.
30900 out of 40000 thermal steps done.
31000 out of 40000 thermal steps done.
31100 out of 40000 thermal steps done.
31200 out of 40000 thermal steps done.
31300 out of 40000 thermal steps done.
31400 out of 40000 thermal steps done.
31500 out of 40000 thermal steps done.
31600 out of 40000 thermal steps done.
31700 out of 40000 thermal steps done.
31800 out of 40000 thermal steps done.
31900 out of 40000 thermal steps done.
32000 out of 40000 thermal steps done.
32100 out of 40000 thermal steps done.
32200 out of 40000 thermal steps done.
32300 out of 40000 thermal steps done.
32400 out of 40000 thermal steps done.
32500 out of 40000 thermal steps done.
32600 out of 40000 thermal steps done.
32700 out of 40000 thermal steps done.
32800 out of 40000 thermal steps done.
32900 out of 40000 thermal steps done.
33000 out of 40000 thermal steps done.
33100 out of 40000 thermal steps done.
33200 out of 40000 thermal steps done.
33300 out of 40000 thermal steps done.
33400 out of 40000 thermal steps done.
33500 out of 40000 thermal steps done.
33600 out of 40000 thermal steps done.
33700 out of 40000 thermal steps done.
33800 out of 40000 thermal steps done.
33900 out of 40000 thermal steps done.
34000 out of 40000 thermal steps done.
34100 out of 40000 thermal steps done.
34200 out of 40000 thermal steps done.
34300 out of 40000 thermal steps done.
34400 out of 40000 thermal steps done.
34500 out of 40000 thermal steps done.
34600 out of 40000 thermal steps done.
34700 out of 40000 thermal steps done.
34800 out of 40000 thermal steps done.
34900 out of 40000 thermal steps done.
35000 out of 40000 thermal steps done.
35100 out of 40000 thermal steps done.
35200 out of 40000 thermal steps done.
35300 out of 40000 thermal steps done.
35400 out of 40000 thermal steps done.
35500 out of 40000 thermal steps done.
35600 out of 40000 thermal steps done.
35700 out of 40000 thermal steps done.
35800 out of 40000 thermal steps done.
35900 out of 40000 thermal steps done.
36000 out of 40000 thermal steps done.
36100 out of 40000 thermal steps done.
36200 out of 40000 thermal steps done.
36300 out of 40000 thermal steps done.
36400 out of 40000 thermal steps done.
36500 out of 40000 thermal steps done.
36600 out of 40000 thermal steps done.
36700 out of 40000 thermal steps done.
36800 out of 40000 thermal steps done.
36900 out of 40000 thermal steps done.
37000 out of 40000 thermal steps done.
37100 out of 40000 thermal steps done.
37200 out of 40000 thermal steps done.
37300 out of 40000 thermal steps done.
37400 out of 40000 thermal steps done.
37500 out of 40000 thermal steps done.
37600 out of 40000 thermal steps done.
37700 out of 40000 thermal steps done.
37800 out of 40000 thermal steps done.
37900 out of 40000 thermal steps done.
38000 out of 40000 thermal steps done.
38100 out of 40000 thermal steps done.
38200 out of 40000 thermal steps done.
38300 out of 40000 thermal steps done.
38400 out of 40000 thermal steps done.
38500 out of 40000 thermal steps done.
38600 out of 40000 thermal steps done.
38700 out of 40000 thermal steps done.
38800 out of 40000 thermal steps done.
38900 out of 40000 thermal steps done.
39000 out of 40000 thermal steps done.
39100 out of 40000 thermal steps done.
39200 out of 40000 thermal steps done.
39300 out of 40000 thermal steps done.
39400 out of 40000 thermal steps done.
39500 out of 40000 thermal steps done.
39600 out of 40000 thermal steps done.
39700 out of 40000 thermal steps done.
39800 out of 40000 thermal steps done.
39900 out of 40000 thermal steps done.
0 out of 20000 algo steps done.
100 out of 20000 algo steps done.
200 out of 20000 algo steps done.
300 out of 20000 algo steps done.
400 out of 20000 algo steps done.
500 out of 20000 algo steps done.
600 out of 20000 algo steps done.
700 out of 20000 algo steps done.
800 out of 20000 algo steps done.
900 out of 20000 algo steps done.
1000 out of 20000 algo steps done.
1100 out of 20000 algo steps done.
1200 out of 20000 algo steps done.
1300 out of 20000 algo steps done.
1400 out of 20000 algo steps done.
1500 out of 20000 algo steps done.
1600 out of 20000 algo steps done.
1700 out of 20000 algo steps done.
1800 out of 20000 algo steps done.
1900 out of 20000 algo steps done.
2000 out of 20000 algo steps done.
2100 out of 20000 algo steps done.
2200 out of 20000 algo steps done.
2300 out of 20000 algo steps done.
2400 out of 20000 algo steps done.
2500 out of 20000 algo steps done.
2600 out of 20000 algo steps done.
2700 out of 20000 algo steps done.
2800 out of 20000 algo steps done.
2900 out of 20000 algo steps done.
3000 out of 20000 algo steps done.
3100 out of 20000 algo steps done.
3200 out of 20000 algo steps done.
3300 out of 20000 algo steps done.
3400 out of 20000 algo steps done.
3500 out of 20000 algo steps done.
3600 out of 20000 algo steps done.
3700 out of 20000 algo steps done.
3800 out of 20000 algo steps done.
3900 out of 20000 algo steps done.
4000 out of 20000 algo steps done.
4100 out of 20000 algo steps done.
4200 out of 20000 algo steps done.
4300 out of 20000 algo steps done.
4400 out of 20000 algo steps done.
4500 out of 20000 algo steps done.
4600 out of 20000 algo steps done.
4700 out of 20000 algo steps done.
4800 out of 20000 algo steps done.
4900 out of 20000 algo steps done.
5000 out of 20000 algo steps done.
5100 out of 20000 algo steps done.
5200 out of 20000 algo steps done.
5300 out of 20000 algo steps done.
5400 out of 20000 algo steps done.
5500 out of 20000 algo steps done.
5600 out of 20000 algo steps done.
5700 out of 20000 algo steps done.
5800 out of 20000 algo steps done.
5900 out of 20000 algo steps done.
6000 out of 20000 algo steps done.
6100 out of 20000 algo steps done.
6200 out of 20000 algo steps done.
6300 out of 20000 algo steps done.
6400 out of 20000 algo steps done.
6500 out of 20000 algo steps done.
6600 out of 20000 algo steps done.
6700 out of 20000 algo steps done.
6800 out of 20000 algo steps done.
6900 out of 20000 algo steps done.
7000 out of 20000 algo steps done.
7100 out of 20000 algo steps done.
7200 out of 20000 algo steps done.
7300 out of 20000 algo steps done.
7400 out of 20000 algo steps done.
7500 out of 20000 algo steps done.
7600 out of 20000 algo steps done.
7700 out of 20000 algo steps done.
7800 out of 20000 algo steps done.
7900 out of 20000 algo steps done.
8000 out of 20000 algo steps done.
8100 out of 20000 algo steps done.
8200 out of 20000 algo steps done.
8300 out of 20000 algo steps done.
8400 out of 20000 algo steps done.
8500 out of 20000 algo steps done.
8600 out of 20000 algo steps done.
8700 out of 20000 algo steps done.
8800 out of 20000 algo steps done.
8900 out of 20000 algo steps done.
9000 out of 20000 algo steps done.
9100 out of 20000 algo steps done.
9200 out of 20000 algo steps done.
9300 out of 20000 algo steps done.
9400 out of 20000 algo steps done.
9500 out of 20000 algo steps done.
9600 out of 20000 algo steps done.
9700 out of 20000 algo steps done.
9800 out of 20000 algo steps done.
9900 out of 20000 algo steps done.
10000 out of 20000 algo steps done.
10100 out of 20000 algo steps done.
10200 out of 20000 algo steps done.
10300 out of 20000 algo steps done.
10400 out of 20000 algo steps done.
10500 out of 20000 algo steps done.
10600 out of 20000 algo steps done.
10700 out of 20000 algo steps done.
10800 out of 20000 algo steps done.
10900 out of 20000 algo steps done.
11000 out of 20000 algo steps done.
11100 out of 20000 algo steps done.
11200 out of 20000 algo steps done.
11300 out of 20000 algo steps done.
11400 out of 20000 algo steps done.
11500 out of 20000 algo steps done.
11600 out of 20000 algo steps done.
11700 out of 20000 algo steps done.
11800 out of 20000 algo steps done.
11900 out of 20000 algo steps done.
12000 out of 20000 algo steps done.
12100 out of 20000 algo steps done.
12200 out of 20000 algo steps done.
12300 out of 20000 algo steps done.
12400 out of 20000 algo steps done.
12500 out of 20000 algo steps done.
12600 out of 20000 algo steps done.
12700 out of 20000 algo steps done.
12800 out of 20000 algo steps done.
12900 out of 20000 algo steps done.
13000 out of 20000 algo steps done.
13100 out of 20000 algo steps done.
13200 out of 20000 algo steps done.
13300 out of 20000 algo steps done.
13400 out of 20000 algo steps done.
13500 out of 20000 algo steps done.
13600 out of 20000 algo steps done.
13700 out of 20000 algo steps done.
13800 out of 20000 algo steps done.
13900 out of 20000 algo steps done.
14000 out of 20000 algo steps done.
14100 out of 20000 algo steps done.
14200 out of 20000 algo steps done.
14300 out of 20000 algo steps done.
14400 out of 20000 algo steps done.
14500 out of 20000 algo steps done.
14600 out of 20000 algo steps done.
14700 out of 20000 algo steps done.
14800 out of 20000 algo steps done.
14900 out of 20000 algo steps done.
15000 out of 20000 algo steps done.
15100 out of 20000 algo steps done.
15200 out of 20000 algo steps done.
15300 out of 20000 algo steps done.
15400 out of 20000 algo steps done.
15500 out of 20000 algo steps done.
15600 out of 20000 algo steps done.
15700 out of 20000 algo steps done.
15800 out of 20000 algo steps done.
15900 out of 20000 algo steps done.
16000 out of 20000 algo steps done.
16100 out of 20000 algo steps done.
16200 out of 20000 algo steps done.
16300 out of 20000 algo steps done.
16400 out of 20000 algo steps done.
16500 out of 20000 algo steps done.
16600 out of 20000 algo steps done.
16700 out of 20000 algo steps done.
16800 out of 20000 algo steps done.
16900 out of 20000 algo steps done.
17000 out of 20000 algo steps done.
17100 out of 20000 algo steps done.
17200 out of 20000 algo steps done.
17300 out of 20000 algo steps done.
17400 out of 20000 algo steps done.
17500 out of 20000 algo steps done.
17600 out of 20000 algo steps done.
17700 out of 20000 algo steps done.
17800 out of 20000 algo steps done.
17900 out of 20000 algo steps done.
18000 out of 20000 algo steps done.
18100 out of 20000 algo steps done.
18200 out of 20000 algo steps done.
18300 out of 20000 algo steps done.
18400 out of 20000 algo steps done.
18500 out of 20000 algo steps done.
18600 out of 20000 algo steps done.
18700 out of 20000 algo steps done.
18800 out of 20000 algo steps done.
18900 out of 20000 algo steps done.
19000 out of 20000 algo steps done.
19100 out of 20000 algo steps done.
19200 out of 20000 algo steps done.
19300 out of 20000 algo steps done.
19400 out of 20000 algo steps done.
19500 out of 20000 algo steps done.
19600 out of 20000 algo steps done.
19700 out of 20000 algo steps done.
19800 out of 20000 algo steps done.
19900 out of 20000 algo steps done.
Printout complete
