	Deg=5
	outputPath=./Outputfiles/
	N_simul=35
	N_thermal=100000
	N_algo=40000
	N_temp=10
	N_measure=10
	J1=1
	J2=0
	J3=0
	T_start=0.1
	T_end=5
	Deg=5
	outputPath=./Outputfiles/
	N_simul=35
	N_thermal=100000
	N_algo=40000
	N_temp=10
	N_measure=10
	J1=1
	J2=0
	J3=0
	T_start=0.1
	T_end=5
0 out of 100000 thermal steps done.
100 out of 100000 thermal steps done.
200 out of 100000 thermal steps done.
300 out of 100000 thermal steps done.
400 out of 100000 thermal steps done.
500 out of 100000 thermal steps done.
600 out of 100000 thermal steps done.
700 out of 100000 thermal steps done.
800 out of 100000 thermal steps done.
900 out of 100000 thermal steps done.
1000 out of 100000 thermal steps done.
1100 out of 100000 thermal steps done.
1200 out of 100000 thermal steps done.
1300 out of 100000 thermal steps done.
1400 out of 100000 thermal steps done.
1500 out of 100000 thermal steps done.
1600 out of 100000 thermal steps done.
1700 out of 100000 thermal steps done.
1800 out of 100000 thermal steps done.
1900 out of 100000 thermal steps done.
2000 out of 100000 thermal steps done.
2100 out of 100000 thermal steps done.
2200 out of 100000 thermal steps done.
2300 out of 100000 thermal steps done.
2400 out of 100000 thermal steps done.
2500 out of 100000 thermal steps done.
2600 out of 100000 thermal steps done.
2700 out of 100000 thermal steps done.
2800 out of 100000 thermal steps done.
2900 out of 100000 thermal steps done.
3000 out of 100000 thermal steps done.
3100 out of 100000 thermal steps done.
3200 out of 100000 thermal steps done.
3300 out of 100000 thermal steps done.
3400 out of 100000 thermal steps done.
3500 out of 100000 thermal steps done.
3600 out of 100000 thermal steps done.
3700 out of 100000 thermal steps done.
3800 out of 100000 thermal steps done.
3900 out of 100000 thermal steps done.
4000 out of 100000 thermal steps done.
4100 out of 100000 thermal steps done.
4200 out of 100000 thermal steps done.
4300 out of 100000 thermal steps done.
4400 out of 100000 thermal steps done.
4500 out of 100000 thermal steps done.
4600 out of 100000 thermal steps done.
4700 out of 100000 thermal steps done.
4800 out of 100000 thermal steps done.
4900 out of 100000 thermal steps done.
5000 out of 100000 thermal steps done.
5100 out of 100000 thermal steps done.
5200 out of 100000 thermal steps done.
5300 out of 100000 thermal steps done.
5400 out of 100000 thermal steps done.
5500 out of 100000 thermal steps done.
5600 out of 100000 thermal steps done.
5700 out of 100000 thermal steps done.
5800 out of 100000 thermal steps done.
5900 out of 100000 thermal steps done.
6000 out of 100000 thermal steps done.
6100 out of 100000 thermal steps done.
6200 out of 100000 thermal steps done.
6300 out of 100000 thermal steps done.
6400 out of 100000 thermal steps done.
6500 out of 100000 thermal steps done.
6600 out of 100000 thermal steps done.
6700 out of 100000 thermal steps done.
6800 out of 100000 thermal steps done.
6900 out of 100000 thermal steps done.
7000 out of 100000 thermal steps done.
7100 out of 100000 thermal steps done.
7200 out of 100000 thermal steps done.
7300 out of 100000 thermal steps done.
7400 out of 100000 thermal steps done.
7500 out of 100000 thermal steps done.
7600 out of 100000 thermal steps done.
7700 out of 100000 thermal steps done.
7800 out of 100000 thermal steps done.
7900 out of 100000 thermal steps done.
8000 out of 100000 thermal steps done.
8100 out of 100000 thermal steps done.
8200 out of 100000 thermal steps done.
8300 out of 100000 thermal steps done.
8400 out of 100000 thermal steps done.
8500 out of 100000 thermal steps done.
8600 out of 100000 thermal steps done.
8700 out of 100000 thermal steps done.
8800 out of 100000 thermal steps done.
8900 out of 100000 thermal steps done.
9000 out of 100000 thermal steps done.
9100 out of 100000 thermal steps done.
9200 out of 100000 thermal steps done.
9300 out of 100000 thermal steps done.
9400 out of 100000 thermal steps done.
9500 out of 100000 thermal steps done.
9600 out of 100000 thermal steps done.
9700 out of 100000 thermal steps done.
9800 out of 100000 thermal steps done.
9900 out of 100000 thermal steps done.
10000 out of 100000 thermal steps done.
10100 out of 100000 thermal steps done.
10200 out of 100000 thermal steps done.
10300 out of 100000 thermal steps done.
10400 out of 100000 thermal steps done.
10500 out of 100000 thermal steps done.
10600 out of 100000 thermal steps done.
10700 out of 100000 thermal steps done.
10800 out of 100000 thermal steps done.
10900 out of 100000 thermal steps done.
11000 out of 100000 thermal steps done.
11100 out of 100000 thermal steps done.
11200 out of 100000 thermal steps done.
11300 out of 100000 thermal steps done.
11400 out of 100000 thermal steps done.
11500 out of 100000 thermal steps done.
11600 out of 100000 thermal steps done.
11700 out of 100000 thermal steps done.
11800 out of 100000 thermal steps done.
11900 out of 100000 thermal steps done.
12000 out of 100000 thermal steps done.
12100 out of 100000 thermal steps done.
12200 out of 100000 thermal steps done.
12300 out of 100000 thermal steps done.
12400 out of 100000 thermal steps done.
12500 out of 100000 thermal steps done.
12600 out of 100000 thermal steps done.
12700 out of 100000 thermal steps done.
12800 out of 100000 thermal steps done.
12900 out of 100000 thermal steps done.
13000 out of 100000 thermal steps done.
13100 out of 100000 thermal steps done.
13200 out of 100000 thermal steps done.
13300 out of 100000 thermal steps done.
13400 out of 100000 thermal steps done.
13500 out of 100000 thermal steps done.
13600 out of 100000 thermal steps done.
13700 out of 100000 thermal steps done.
13800 out of 100000 thermal steps done.
13900 out of 100000 thermal steps done.
14000 out of 100000 thermal steps done.
14100 out of 100000 thermal steps done.
14200 out of 100000 thermal steps done.
14300 out of 100000 thermal steps done.
14400 out of 100000 thermal steps done.
14500 out of 100000 thermal steps done.
14600 out of 100000 thermal steps done.
14700 out of 100000 thermal steps done.
14800 out of 100000 thermal steps done.
14900 out of 100000 thermal steps done.
15000 out of 100000 thermal steps done.
15100 out of 100000 thermal steps done.
15200 out of 100000 thermal steps done.
15300 out of 100000 thermal steps done.
15400 out of 100000 thermal steps done.
15500 out of 100000 thermal steps done.
15600 out of 100000 thermal steps done.
15700 out of 100000 thermal steps done.
15800 out of 100000 thermal steps done.
15900 out of 100000 thermal steps done.
16000 out of 100000 thermal steps done.
16100 out of 100000 thermal steps done.
16200 out of 100000 thermal steps done.
16300 out of 100000 thermal steps done.
16400 out of 100000 thermal steps done.
16500 out of 100000 thermal steps done.
16600 out of 100000 thermal steps done.
16700 out of 100000 thermal steps done.
16800 out of 100000 thermal steps done.
16900 out of 100000 thermal steps done.
17000 out of 100000 thermal steps done.
17100 out of 100000 thermal steps done.
17200 out of 100000 thermal steps done.
17300 out of 100000 thermal steps done.
17400 out of 100000 thermal steps done.
17500 out of 100000 thermal steps done.
17600 out of 100000 thermal steps done.
17700 out of 100000 thermal steps done.
17800 out of 100000 thermal steps done.
17900 out of 100000 thermal steps done.
18000 out of 100000 thermal steps done.
18100 out of 100000 thermal steps done.
18200 out of 100000 thermal steps done.
18300 out of 100000 thermal steps done.
18400 out of 100000 thermal steps done.
18500 out of 100000 thermal steps done.
18600 out of 100000 thermal steps done.
18700 out of 100000 thermal steps done.
18800 out of 100000 thermal steps done.
18900 out of 100000 thermal steps done.
19000 out of 100000 thermal steps done.
19100 out of 100000 thermal steps done.
19200 out of 100000 thermal steps done.
19300 out of 100000 thermal steps done.
19400 out of 100000 thermal steps done.
19500 out of 100000 thermal steps done.
19600 out of 100000 thermal steps done.
19700 out of 100000 thermal steps done.
19800 out of 100000 thermal steps done.
19900 out of 100000 thermal steps done.
20000 out of 100000 thermal steps done.
20100 out of 100000 thermal steps done.
20200 out of 100000 thermal steps done.
20300 out of 100000 thermal steps done.
20400 out of 100000 thermal steps done.
20500 out of 100000 thermal steps done.
20600 out of 100000 thermal steps done.
20700 out of 100000 thermal steps done.
20800 out of 100000 thermal steps done.
20900 out of 100000 thermal steps done.
21000 out of 100000 thermal steps done.
21100 out of 100000 thermal steps done.
21200 out of 100000 thermal steps done.
21300 out of 100000 thermal steps done.
21400 out of 100000 thermal steps done.
21500 out of 100000 thermal steps done.
21600 out of 100000 thermal steps done.
21700 out of 100000 thermal steps done.
21800 out of 100000 thermal steps done.
21900 out of 100000 thermal steps done.
22000 out of 100000 thermal steps done.
22100 out of 100000 thermal steps done.
22200 out of 100000 thermal steps done.
22300 out of 100000 thermal steps done.
22400 out of 100000 thermal steps done.
22500 out of 100000 thermal steps done.
22600 out of 100000 thermal steps done.
22700 out of 100000 thermal steps done.
22800 out of 100000 thermal steps done.
22900 out of 100000 thermal steps done.
23000 out of 100000 thermal steps done.
23100 out of 100000 thermal steps done.
23200 out of 100000 thermal steps done.
23300 out of 100000 thermal steps done.
23400 out of 100000 thermal steps done.
23500 out of 100000 thermal steps done.
23600 out of 100000 thermal steps done.
23700 out of 100000 thermal steps done.
23800 out of 100000 thermal steps done.
23900 out of 100000 thermal steps done.
24000 out of 100000 thermal steps done.
24100 out of 100000 thermal steps done.
24200 out of 100000 thermal steps done.
24300 out of 100000 thermal steps done.
24400 out of 100000 thermal steps done.
24500 out of 100000 thermal steps done.
24600 out of 100000 thermal steps done.
24700 out of 100000 thermal steps done.
24800 out of 100000 thermal steps done.
24900 out of 100000 thermal steps done.
25000 out of 100000 thermal steps done.
25100 out of 100000 thermal steps done.
25200 out of 100000 thermal steps done.
25300 out of 100000 thermal steps done.
25400 out of 100000 thermal steps done.
25500 out of 100000 thermal steps done.
25600 out of 100000 thermal steps done.
25700 out of 100000 thermal steps done.
25800 out of 100000 thermal steps done.
25900 out of 100000 thermal steps done.
26000 out of 100000 thermal steps done.
26100 out of 100000 thermal steps done.
26200 out of 100000 thermal steps done.
26300 out of 100000 thermal steps done.
26400 out of 100000 thermal steps done.
26500 out of 100000 thermal steps done.
26600 out of 100000 thermal steps done.
26700 out of 100000 thermal steps done.
26800 out of 100000 thermal steps done.
26900 out of 100000 thermal steps done.
27000 out of 100000 thermal steps done.
27100 out of 100000 thermal steps done.
27200 out of 100000 thermal steps done.
27300 out of 100000 thermal steps done.
27400 out of 100000 thermal steps done.
27500 out of 100000 thermal steps done.
27600 out of 100000 thermal steps done.
27700 out of 100000 thermal steps done.
27800 out of 100000 thermal steps done.
27900 out of 100000 thermal steps done.
28000 out of 100000 thermal steps done.
28100 out of 100000 thermal steps done.
28200 out of 100000 thermal steps done.
28300 out of 100000 thermal steps done.
28400 out of 100000 thermal steps done.
28500 out of 100000 thermal steps done.
28600 out of 100000 thermal steps done.
28700 out of 100000 thermal steps done.
28800 out of 100000 thermal steps done.
28900 out of 100000 thermal steps done.
29000 out of 100000 thermal steps done.
29100 out of 100000 thermal steps done.
29200 out of 100000 thermal steps done.
29300 out of 100000 thermal steps done.
29400 out of 100000 thermal steps done.
29500 out of 100000 thermal steps done.
29600 out of 100000 thermal steps done.
29700 out of 100000 thermal steps done.
29800 out of 100000 thermal steps done.
29900 out of 100000 thermal steps done.
30000 out of 100000 thermal steps done.
30100 out of 100000 thermal steps done.
30200 out of 100000 thermal steps done.
30300 out of 100000 thermal steps done.
30400 out of 100000 thermal steps done.
30500 out of 100000 thermal steps done.
30600 out of 100000 thermal steps done.
30700 out of 100000 thermal steps done.
30800 out of 100000 thermal steps done.
30900 out of 100000 thermal steps done.
31000 out of 100000 thermal steps done.
31100 out of 100000 thermal steps done.
31200 out of 100000 thermal steps done.
31300 out of 100000 thermal steps done.
31400 out of 100000 thermal steps done.
31500 out of 100000 thermal steps done.
31600 out of 100000 thermal steps done.
31700 out of 100000 thermal steps done.
31800 out of 100000 thermal steps done.
31900 out of 100000 thermal steps done.
32000 out of 100000 thermal steps done.
32100 out of 100000 thermal steps done.
32200 out of 100000 thermal steps done.
32300 out of 100000 thermal steps done.
32400 out of 100000 thermal steps done.
32500 out of 100000 thermal steps done.
32600 out of 100000 thermal steps done.
32700 out of 100000 thermal steps done.
32800 out of 100000 thermal steps done.
32900 out of 100000 thermal steps done.
33000 out of 100000 thermal steps done.
33100 out of 100000 thermal steps done.
33200 out of 100000 thermal steps done.
33300 out of 100000 thermal steps done.
33400 out of 100000 thermal steps done.
33500 out of 100000 thermal steps done.
33600 out of 100000 thermal steps done.
33700 out of 100000 thermal steps done.
33800 out of 100000 thermal steps done.
33900 out of 100000 thermal steps done.
34000 out of 100000 thermal steps done.
34100 out of 100000 thermal steps done.
34200 out of 100000 thermal steps done.
34300 out of 100000 thermal steps done.
34400 out of 100000 thermal steps done.
34500 out of 100000 thermal steps done.
34600 out of 100000 thermal steps done.
34700 out of 100000 thermal steps done.
34800 out of 100000 thermal steps done.
34900 out of 100000 thermal steps done.
35000 out of 100000 thermal steps done.
35100 out of 100000 thermal steps done.
35200 out of 100000 thermal steps done.
35300 out of 100000 thermal steps done.
35400 out of 100000 thermal steps done.
35500 out of 100000 thermal steps done.
35600 out of 100000 thermal steps done.
35700 out of 100000 thermal steps done.
35800 out of 100000 thermal steps done.
35900 out of 100000 thermal steps done.
36000 out of 100000 thermal steps done.
36100 out of 100000 thermal steps done.
36200 out of 100000 thermal steps done.
36300 out of 100000 thermal steps done.
36400 out of 100000 thermal steps done.
36500 out of 100000 thermal steps done.
36600 out of 100000 thermal steps done.
36700 out of 100000 thermal steps done.
36800 out of 100000 thermal steps done.
36900 out of 100000 thermal steps done.
37000 out of 100000 thermal steps done.
37100 out of 100000 thermal steps done.
37200 out of 100000 thermal steps done.
37300 out of 100000 thermal steps done.
37400 out of 100000 thermal steps done.
37500 out of 100000 thermal steps done.
37600 out of 100000 thermal steps done.
37700 out of 100000 thermal steps done.
37800 out of 100000 thermal steps done.
37900 out of 100000 thermal steps done.
38000 out of 100000 thermal steps done.
38100 out of 100000 thermal steps done.
38200 out of 100000 thermal steps done.
38300 out of 100000 thermal steps done.
38400 out of 100000 thermal steps done.
38500 out of 100000 thermal steps done.
38600 out of 100000 thermal steps done.
38700 out of 100000 thermal steps done.
38800 out of 100000 thermal steps done.
38900 out of 100000 thermal steps done.
39000 out of 100000 thermal steps done.
39100 out of 100000 thermal steps done.
39200 out of 100000 thermal steps done.
39300 out of 100000 thermal steps done.
39400 out of 100000 thermal steps done.
39500 out of 100000 thermal steps done.
39600 out of 100000 thermal steps done.
39700 out of 100000 thermal steps done.
39800 out of 100000 thermal steps done.
39900 out of 100000 thermal steps done.
40000 out of 100000 thermal steps done.
40100 out of 100000 thermal steps done.
40200 out of 100000 thermal steps done.
40300 out of 100000 thermal steps done.
40400 out of 100000 thermal steps done.
40500 out of 100000 thermal steps done.
40600 out of 100000 thermal steps done.
40700 out of 100000 thermal steps done.
40800 out of 100000 thermal steps done.
40900 out of 100000 thermal steps done.
41000 out of 100000 thermal steps done.
41100 out of 100000 thermal steps done.
41200 out of 100000 thermal steps done.
41300 out of 100000 thermal steps done.
41400 out of 100000 thermal steps done.
41500 out of 100000 thermal steps done.
41600 out of 100000 thermal steps done.
41700 out of 100000 thermal steps done.
41800 out of 100000 thermal steps done.
41900 out of 100000 thermal steps done.
42000 out of 100000 thermal steps done.
42100 out of 100000 thermal steps done.
42200 out of 100000 thermal steps done.
42300 out of 100000 thermal steps done.
42400 out of 100000 thermal steps done.
42500 out of 100000 thermal steps done.
42600 out of 100000 thermal steps done.
42700 out of 100000 thermal steps done.
42800 out of 100000 thermal steps done.
42900 out of 100000 thermal steps done.
43000 out of 100000 thermal steps done.
43100 out of 100000 thermal steps done.
43200 out of 100000 thermal steps done.
43300 out of 100000 thermal steps done.
43400 out of 100000 thermal steps done.
43500 out of 100000 thermal steps done.
43600 out of 100000 thermal steps done.
43700 out of 100000 thermal steps done.
43800 out of 100000 thermal steps done.
43900 out of 100000 thermal steps done.
44000 out of 100000 thermal steps done.
44100 out of 100000 thermal steps done.
44200 out of 100000 thermal steps done.
44300 out of 100000 thermal steps done.
44400 out of 100000 thermal steps done.
44500 out of 100000 thermal steps done.
44600 out of 100000 thermal steps done.
44700 out of 100000 thermal steps done.
44800 out of 100000 thermal steps done.
44900 out of 100000 thermal steps done.
45000 out of 100000 thermal steps done.
45100 out of 100000 thermal steps done.
45200 out of 100000 thermal steps done.
45300 out of 100000 thermal steps done.
45400 out of 100000 thermal steps done.
45500 out of 100000 thermal steps done.
45600 out of 100000 thermal steps done.
45700 out of 100000 thermal steps done.
45800 out of 100000 thermal steps done.
45900 out of 100000 thermal steps done.
46000 out of 100000 thermal steps done.
46100 out of 100000 thermal steps done.
46200 out of 100000 thermal steps done.
46300 out of 100000 thermal steps done.
46400 out of 100000 thermal steps done.
46500 out of 100000 thermal steps done.
46600 out of 100000 thermal steps done.
46700 out of 100000 thermal steps done.
46800 out of 100000 thermal steps done.
46900 out of 100000 thermal steps done.
47000 out of 100000 thermal steps done.
47100 out of 100000 thermal steps done.
47200 out of 100000 thermal steps done.
47300 out of 100000 thermal steps done.
47400 out of 100000 thermal steps done.
47500 out of 100000 thermal steps done.
47600 out of 100000 thermal steps done.
47700 out of 100000 thermal steps done.
47800 out of 100000 thermal steps done.
47900 out of 100000 thermal steps done.
48000 out of 100000 thermal steps done.
48100 out of 100000 thermal steps done.
48200 out of 100000 thermal steps done.
48300 out of 100000 thermal steps done.
48400 out of 100000 thermal steps done.
48500 out of 100000 thermal steps done.
48600 out of 100000 thermal steps done.
48700 out of 100000 thermal steps done.
48800 out of 100000 thermal steps done.
48900 out of 100000 thermal steps done.
49000 out of 100000 thermal steps done.
49100 out of 100000 thermal steps done.
49200 out of 100000 thermal steps done.
49300 out of 100000 thermal steps done.
49400 out of 100000 thermal steps done.
49500 out of 100000 thermal steps done.
49600 out of 100000 thermal steps done.
49700 out of 100000 thermal steps done.
49800 out of 100000 thermal steps done.
49900 out of 100000 thermal steps done.
50000 out of 100000 thermal steps done.
50100 out of 100000 thermal steps done.
50200 out of 100000 thermal steps done.
50300 out of 100000 thermal steps done.
50400 out of 100000 thermal steps done.
50500 out of 100000 thermal steps done.
50600 out of 100000 thermal steps done.
50700 out of 100000 thermal steps done.
50800 out of 100000 thermal steps done.
50900 out of 100000 thermal steps done.
51000 out of 100000 thermal steps done.
51100 out of 100000 thermal steps done.
51200 out of 100000 thermal steps done.
51300 out of 100000 thermal steps done.
51400 out of 100000 thermal steps done.
51500 out of 100000 thermal steps done.
51600 out of 100000 thermal steps done.
51700 out of 100000 thermal steps done.
51800 out of 100000 thermal steps done.
51900 out of 100000 thermal steps done.
52000 out of 100000 thermal steps done.
52100 out of 100000 thermal steps done.
52200 out of 100000 thermal steps done.
52300 out of 100000 thermal steps done.
52400 out of 100000 thermal steps done.
52500 out of 100000 thermal steps done.
52600 out of 100000 thermal steps done.
52700 out of 100000 thermal steps done.
52800 out of 100000 thermal steps done.
52900 out of 100000 thermal steps done.
53000 out of 100000 thermal steps done.
53100 out of 100000 thermal steps done.
53200 out of 100000 thermal steps done.
53300 out of 100000 thermal steps done.
53400 out of 100000 thermal steps done.
53500 out of 100000 thermal steps done.
53600 out of 100000 thermal steps done.
53700 out of 100000 thermal steps done.
53800 out of 100000 thermal steps done.
53900 out of 100000 thermal steps done.
54000 out of 100000 thermal steps done.
54100 out of 100000 thermal steps done.
54200 out of 100000 thermal steps done.
54300 out of 100000 thermal steps done.
54400 out of 100000 thermal steps done.
54500 out of 100000 thermal steps done.
54600 out of 100000 thermal steps done.
54700 out of 100000 thermal steps done.
54800 out of 100000 thermal steps done.
54900 out of 100000 thermal steps done.
55000 out of 100000 thermal steps done.
55100 out of 100000 thermal steps done.
55200 out of 100000 thermal steps done.
55300 out of 100000 thermal steps done.
55400 out of 100000 thermal steps done.
55500 out of 100000 thermal steps done.
55600 out of 100000 thermal steps done.
55700 out of 100000 thermal steps done.
55800 out of 100000 thermal steps done.
55900 out of 100000 thermal steps done.
56000 out of 100000 thermal steps done.
56100 out of 100000 thermal steps done.
56200 out of 100000 thermal steps done.
56300 out of 100000 thermal steps done.
56400 out of 100000 thermal steps done.
56500 out of 100000 thermal steps done.
56600 out of 100000 thermal steps done.
56700 out of 100000 thermal steps done.
56800 out of 100000 thermal steps done.
56900 out of 100000 thermal steps done.
57000 out of 100000 thermal steps done.
57100 out of 100000 thermal steps done.
57200 out of 100000 thermal steps done.
57300 out of 100000 thermal steps done.
57400 out of 100000 thermal steps done.
57500 out of 100000 thermal steps done.
57600 out of 100000 thermal steps done.
57700 out of 100000 thermal steps done.
57800 out of 100000 thermal steps done.
57900 out of 100000 thermal steps done.
58000 out of 100000 thermal steps done.
58100 out of 100000 thermal steps done.
58200 out of 100000 thermal steps done.
58300 out of 100000 thermal steps done.
58400 out of 100000 thermal steps done.
58500 out of 100000 thermal steps done.
58600 out of 100000 thermal steps done.
58700 out of 100000 thermal steps done.
58800 out of 100000 thermal steps done.
58900 out of 100000 thermal steps done.
59000 out of 100000 thermal steps done.
59100 out of 100000 thermal steps done.
59200 out of 100000 thermal steps done.
59300 out of 100000 thermal steps done.
59400 out of 100000 thermal steps done.
59500 out of 100000 thermal steps done.
59600 out of 100000 thermal steps done.
59700 out of 100000 thermal steps done.
59800 out of 100000 thermal steps done.
59900 out of 100000 thermal steps done.
60000 out of 100000 thermal steps done.
60100 out of 100000 thermal steps done.
60200 out of 100000 thermal steps done.
60300 out of 100000 thermal steps done.
60400 out of 100000 thermal steps done.
60500 out of 100000 thermal steps done.
60600 out of 100000 thermal steps done.
60700 out of 100000 thermal steps done.
60800 out of 100000 thermal steps done.
60900 out of 100000 thermal steps done.
61000 out of 100000 thermal steps done.
61100 out of 100000 thermal steps done.
61200 out of 100000 thermal steps done.
61300 out of 100000 thermal steps done.
61400 out of 100000 thermal steps done.
61500 out of 100000 thermal steps done.
61600 out of 100000 thermal steps done.
61700 out of 100000 thermal steps done.
61800 out of 100000 thermal steps done.
61900 out of 100000 thermal steps done.
62000 out of 100000 thermal steps done.
62100 out of 100000 thermal steps done.
62200 out of 100000 thermal steps done.
62300 out of 100000 thermal steps done.
62400 out of 100000 thermal steps done.
62500 out of 100000 thermal steps done.
62600 out of 100000 thermal steps done.
62700 out of 100000 thermal steps done.
62800 out of 100000 thermal steps done.
62900 out of 100000 thermal steps done.
63000 out of 100000 thermal steps done.
63100 out of 100000 thermal steps done.
63200 out of 100000 thermal steps done.
63300 out of 100000 thermal steps done.
63400 out of 100000 thermal steps done.
63500 out of 100000 thermal steps done.
63600 out of 100000 thermal steps done.
63700 out of 100000 thermal steps done.
63800 out of 100000 thermal steps done.
63900 out of 100000 thermal steps done.
64000 out of 100000 thermal steps done.
64100 out of 100000 thermal steps done.
64200 out of 100000 thermal steps done.
64300 out of 100000 thermal steps done.
64400 out of 100000 thermal steps done.
64500 out of 100000 thermal steps done.
64600 out of 100000 thermal steps done.
64700 out of 100000 thermal steps done.
64800 out of 100000 thermal steps done.
64900 out of 100000 thermal steps done.
65000 out of 100000 thermal steps done.
65100 out of 100000 thermal steps done.
65200 out of 100000 thermal steps done.
65300 out of 100000 thermal steps done.
65400 out of 100000 thermal steps done.
65500 out of 100000 thermal steps done.
65600 out of 100000 thermal steps done.
65700 out of 100000 thermal steps done.
65800 out of 100000 thermal steps done.
65900 out of 100000 thermal steps done.
66000 out of 100000 thermal steps done.
66100 out of 100000 thermal steps done.
66200 out of 100000 thermal steps done.
66300 out of 100000 thermal steps done.
66400 out of 100000 thermal steps done.
66500 out of 100000 thermal steps done.
66600 out of 100000 thermal steps done.
66700 out of 100000 thermal steps done.
66800 out of 100000 thermal steps done.
66900 out of 100000 thermal steps done.
67000 out of 100000 thermal steps done.
67100 out of 100000 thermal steps done.
67200 out of 100000 thermal steps done.
67300 out of 100000 thermal steps done.
67400 out of 100000 thermal steps done.
67500 out of 100000 thermal steps done.
67600 out of 100000 thermal steps done.
67700 out of 100000 thermal steps done.
67800 out of 100000 thermal steps done.
67900 out of 100000 thermal steps done.
68000 out of 100000 thermal steps done.
68100 out of 100000 thermal steps done.
68200 out of 100000 thermal steps done.
68300 out of 100000 thermal steps done.
68400 out of 100000 thermal steps done.
68500 out of 100000 thermal steps done.
68600 out of 100000 thermal steps done.
68700 out of 100000 thermal steps done.
68800 out of 100000 thermal steps done.
68900 out of 100000 thermal steps done.
69000 out of 100000 thermal steps done.
69100 out of 100000 thermal steps done.
69200 out of 100000 thermal steps done.
69300 out of 100000 thermal steps done.
69400 out of 100000 thermal steps done.
69500 out of 100000 thermal steps done.
69600 out of 100000 thermal steps done.
69700 out of 100000 thermal steps done.
69800 out of 100000 thermal steps done.
69900 out of 100000 thermal steps done.
70000 out of 100000 thermal steps done.
70100 out of 100000 thermal steps done.
70200 out of 100000 thermal steps done.
70300 out of 100000 thermal steps done.
70400 out of 100000 thermal steps done.
70500 out of 100000 thermal steps done.
70600 out of 100000 thermal steps done.
70700 out of 100000 thermal steps done.
70800 out of 100000 thermal steps done.
70900 out of 100000 thermal steps done.
71000 out of 100000 thermal steps done.
71100 out of 100000 thermal steps done.
71200 out of 100000 thermal steps done.
71300 out of 100000 thermal steps done.
71400 out of 100000 thermal steps done.
71500 out of 100000 thermal steps done.
71600 out of 100000 thermal steps done.
71700 out of 100000 thermal steps done.
71800 out of 100000 thermal steps done.
71900 out of 100000 thermal steps done.
72000 out of 100000 thermal steps done.
72100 out of 100000 thermal steps done.
72200 out of 100000 thermal steps done.
72300 out of 100000 thermal steps done.
72400 out of 100000 thermal steps done.
72500 out of 100000 thermal steps done.
72600 out of 100000 thermal steps done.
72700 out of 100000 thermal steps done.
72800 out of 100000 thermal steps done.
72900 out of 100000 thermal steps done.
73000 out of 100000 thermal steps done.
73100 out of 100000 thermal steps done.
73200 out of 100000 thermal steps done.
73300 out of 100000 thermal steps done.
73400 out of 100000 thermal steps done.
73500 out of 100000 thermal steps done.
73600 out of 100000 thermal steps done.
73700 out of 100000 thermal steps done.
73800 out of 100000 thermal steps done.
73900 out of 100000 thermal steps done.
74000 out of 100000 thermal steps done.
74100 out of 100000 thermal steps done.
74200 out of 100000 thermal steps done.
74300 out of 100000 thermal steps done.
74400 out of 100000 thermal steps done.
74500 out of 100000 thermal steps done.
74600 out of 100000 thermal steps done.
74700 out of 100000 thermal steps done.
74800 out of 100000 thermal steps done.
74900 out of 100000 thermal steps done.
75000 out of 100000 thermal steps done.
75100 out of 100000 thermal steps done.
75200 out of 100000 thermal steps done.
75300 out of 100000 thermal steps done.
75400 out of 100000 thermal steps done.
75500 out of 100000 thermal steps done.
75600 out of 100000 thermal steps done.
75700 out of 100000 thermal steps done.
75800 out of 100000 thermal steps done.
75900 out of 100000 thermal steps done.
76000 out of 100000 thermal steps done.
76100 out of 100000 thermal steps done.
76200 out of 100000 thermal steps done.
76300 out of 100000 thermal steps done.
76400 out of 100000 thermal steps done.
76500 out of 100000 thermal steps done.
76600 out of 100000 thermal steps done.
76700 out of 100000 thermal steps done.
76800 out of 100000 thermal steps done.
76900 out of 100000 thermal steps done.
77000 out of 100000 thermal steps done.
77100 out of 100000 thermal steps done.
77200 out of 100000 thermal steps done.
77300 out of 100000 thermal steps done.
77400 out of 100000 thermal steps done.
77500 out of 100000 thermal steps done.
77600 out of 100000 thermal steps done.
77700 out of 100000 thermal steps done.
77800 out of 100000 thermal steps done.
77900 out of 100000 thermal steps done.
78000 out of 100000 thermal steps done.
78100 out of 100000 thermal steps done.
78200 out of 100000 thermal steps done.
78300 out of 100000 thermal steps done.
78400 out of 100000 thermal steps done.
78500 out of 100000 thermal steps done.
78600 out of 100000 thermal steps done.
78700 out of 100000 thermal steps done.
78800 out of 100000 thermal steps done.
78900 out of 100000 thermal steps done.
79000 out of 100000 thermal steps done.
79100 out of 100000 thermal steps done.
79200 out of 100000 thermal steps done.
79300 out of 100000 thermal steps done.
79400 out of 100000 thermal steps done.
79500 out of 100000 thermal steps done.
79600 out of 100000 thermal steps done.
79700 out of 100000 thermal steps done.
79800 out of 100000 thermal steps done.
79900 out of 100000 thermal steps done.
80000 out of 100000 thermal steps done.
80100 out of 100000 thermal steps done.
80200 out of 100000 thermal steps done.
80300 out of 100000 thermal steps done.
80400 out of 100000 thermal steps done.
80500 out of 100000 thermal steps done.
80600 out of 100000 thermal steps done.
80700 out of 100000 thermal steps done.
80800 out of 100000 thermal steps done.
80900 out of 100000 thermal steps done.
81000 out of 100000 thermal steps done.
81100 out of 100000 thermal steps done.
81200 out of 100000 thermal steps done.
81300 out of 100000 thermal steps done.
81400 out of 100000 thermal steps done.
81500 out of 100000 thermal steps done.
81600 out of 100000 thermal steps done.
81700 out of 100000 thermal steps done.
81800 out of 100000 thermal steps done.
81900 out of 100000 thermal steps done.
82000 out of 100000 thermal steps done.
82100 out of 100000 thermal steps done.
82200 out of 100000 thermal steps done.
82300 out of 100000 thermal steps done.
82400 out of 100000 thermal steps done.
82500 out of 100000 thermal steps done.
82600 out of 100000 thermal steps done.
82700 out of 100000 thermal steps done.
82800 out of 100000 thermal steps done.
82900 out of 100000 thermal steps done.
83000 out of 100000 thermal steps done.
83100 out of 100000 thermal steps done.
83200 out of 100000 thermal steps done.
83300 out of 100000 thermal steps done.
83400 out of 100000 thermal steps done.
83500 out of 100000 thermal steps done.
83600 out of 100000 thermal steps done.
83700 out of 100000 thermal steps done.
83800 out of 100000 thermal steps done.
83900 out of 100000 thermal steps done.
84000 out of 100000 thermal steps done.
84100 out of 100000 thermal steps done.
84200 out of 100000 thermal steps done.
84300 out of 100000 thermal steps done.
84400 out of 100000 thermal steps done.
84500 out of 100000 thermal steps done.
84600 out of 100000 thermal steps done.
84700 out of 100000 thermal steps done.
84800 out of 100000 thermal steps done.
84900 out of 100000 thermal steps done.
85000 out of 100000 thermal steps done.
85100 out of 100000 thermal steps done.
85200 out of 100000 thermal steps done.
85300 out of 100000 thermal steps done.
85400 out of 100000 thermal steps done.
85500 out of 100000 thermal steps done.
85600 out of 100000 thermal steps done.
85700 out of 100000 thermal steps done.
85800 out of 100000 thermal steps done.
85900 out of 100000 thermal steps done.
86000 out of 100000 thermal steps done.
86100 out of 100000 thermal steps done.
86200 out of 100000 thermal steps done.
86300 out of 100000 thermal steps done.
86400 out of 100000 thermal steps done.
86500 out of 100000 thermal steps done.
86600 out of 100000 thermal steps done.
86700 out of 100000 thermal steps done.
86800 out of 100000 thermal steps done.
86900 out of 100000 thermal steps done.
87000 out of 100000 thermal steps done.
87100 out of 100000 thermal steps done.
87200 out of 100000 thermal steps done.
87300 out of 100000 thermal steps done.
87400 out of 100000 thermal steps done.
87500 out of 100000 thermal steps done.
87600 out of 100000 thermal steps done.
87700 out of 100000 thermal steps done.
87800 out of 100000 thermal steps done.
87900 out of 100000 thermal steps done.
88000 out of 100000 thermal steps done.
88100 out of 100000 thermal steps done.
88200 out of 100000 thermal steps done.
88300 out of 100000 thermal steps done.
88400 out of 100000 thermal steps done.
88500 out of 100000 thermal steps done.
88600 out of 100000 thermal steps done.
88700 out of 100000 thermal steps done.
88800 out of 100000 thermal steps done.
88900 out of 100000 thermal steps done.
89000 out of 100000 thermal steps done.
89100 out of 100000 thermal steps done.
89200 out of 100000 thermal steps done.
89300 out of 100000 thermal steps done.
89400 out of 100000 thermal steps done.
89500 out of 100000 thermal steps done.
89600 out of 100000 thermal steps done.
89700 out of 100000 thermal steps done.
89800 out of 100000 thermal steps done.
89900 out of 100000 thermal steps done.
90000 out of 100000 thermal steps done.
90100 out of 100000 thermal steps done.
90200 out of 100000 thermal steps done.
90300 out of 100000 thermal steps done.
90400 out of 100000 thermal steps done.
90500 out of 100000 thermal steps done.
90600 out of 100000 thermal steps done.
90700 out of 100000 thermal steps done.
90800 out of 100000 thermal steps done.
90900 out of 100000 thermal steps done.
91000 out of 100000 thermal steps done.
91100 out of 100000 thermal steps done.
91200 out of 100000 thermal steps done.
91300 out of 100000 thermal steps done.
91400 out of 100000 thermal steps done.
91500 out of 100000 thermal steps done.
91600 out of 100000 thermal steps done.
91700 out of 100000 thermal steps done.
91800 out of 100000 thermal steps done.
91900 out of 100000 thermal steps done.
92000 out of 100000 thermal steps done.
92100 out of 100000 thermal steps done.
92200 out of 100000 thermal steps done.
92300 out of 100000 thermal steps done.
92400 out of 100000 thermal steps done.
92500 out of 100000 thermal steps done.
92600 out of 100000 thermal steps done.
92700 out of 100000 thermal steps done.
92800 out of 100000 thermal steps done.
92900 out of 100000 thermal steps done.
93000 out of 100000 thermal steps done.
93100 out of 100000 thermal steps done.
93200 out of 100000 thermal steps done.
93300 out of 100000 thermal steps done.
93400 out of 100000 thermal steps done.
93500 out of 100000 thermal steps done.
93600 out of 100000 thermal steps done.
93700 out of 100000 thermal steps done.
93800 out of 100000 thermal steps done.
93900 out of 100000 thermal steps done.
94000 out of 100000 thermal steps done.
94100 out of 100000 thermal steps done.
94200 out of 100000 thermal steps done.
94300 out of 100000 thermal steps done.
94400 out of 100000 thermal steps done.
94500 out of 100000 thermal steps done.
94600 out of 100000 thermal steps done.
94700 out of 100000 thermal steps done.
94800 out of 100000 thermal steps done.
94900 out of 100000 thermal steps done.
95000 out of 100000 thermal steps done.
95100 out of 100000 thermal steps done.
95200 out of 100000 thermal steps done.
95300 out of 100000 thermal steps done.
95400 out of 100000 thermal steps done.
95500 out of 100000 thermal steps done.
95600 out of 100000 thermal steps done.
95700 out of 100000 thermal steps done.
95800 out of 100000 thermal steps done.
95900 out of 100000 thermal steps done.
96000 out of 100000 thermal steps done.
96100 out of 100000 thermal steps done.
96200 out of 100000 thermal steps done.
96300 out of 100000 thermal steps done.
96400 out of 100000 thermal steps done.
96500 out of 100000 thermal steps done.
96600 out of 100000 thermal steps done.
96700 out of 100000 thermal steps done.
96800 out of 100000 thermal steps done.
96900 out of 100000 thermal steps done.
97000 out of 100000 thermal steps done.
97100 out of 100000 thermal steps done.
97200 out of 100000 thermal steps done.
97300 out of 100000 thermal steps done.
97400 out of 100000 thermal steps done.
97500 out of 100000 thermal steps done.
97600 out of 100000 thermal steps done.
97700 out of 100000 thermal steps done.
97800 out of 100000 thermal steps done.
97900 out of 100000 thermal steps done.
98000 out of 100000 thermal steps done.
98100 out of 100000 thermal steps done.
98200 out of 100000 thermal steps done.
98300 out of 100000 thermal steps done.
98400 out of 100000 thermal steps done.
98500 out of 100000 thermal steps done.
98600 out of 100000 thermal steps done.
98700 out of 100000 thermal steps done.
98800 out of 100000 thermal steps done.
98900 out of 100000 thermal steps done.
99000 out of 100000 thermal steps done.
99100 out of 100000 thermal steps done.
99200 out of 100000 thermal steps done.
99300 out of 100000 thermal steps done.
99400 out of 100000 thermal steps done.
99500 out of 100000 thermal steps done.
99600 out of 100000 thermal steps done.
99700 out of 100000 thermal steps done.
99800 out of 100000 thermal steps done.
99900 out of 100000 thermal steps done.
0 out of 40000 algo steps done.
100 out of 40000 algo steps done.
200 out of 40000 algo steps done.
300 out of 40000 algo steps done.
400 out of 40000 algo steps done.
500 out of 40000 algo steps done.
600 out of 40000 algo steps done.
700 out of 40000 algo steps done.
800 out of 40000 algo steps done.
900 out of 40000 algo steps done.
1000 out of 40000 algo steps done.
1100 out of 40000 algo steps done.
1200 out of 40000 algo steps done.
1300 out of 40000 algo steps done.
1400 out of 40000 algo steps done.
1500 out of 40000 algo steps done.
1600 out of 40000 algo steps done.
1700 out of 40000 algo steps done.
1800 out of 40000 algo steps done.
1900 out of 40000 algo steps done.
2000 out of 40000 algo steps done.
2100 out of 40000 algo steps done.
2200 out of 40000 algo steps done.
2300 out of 40000 algo steps done.
2400 out of 40000 algo steps done.
2500 out of 40000 algo steps done.
2600 out of 40000 algo steps done.
2700 out of 40000 algo steps done.
2800 out of 40000 algo steps done.
2900 out of 40000 algo steps done.
3000 out of 40000 algo steps done.
3100 out of 40000 algo steps done.
3200 out of 40000 algo steps done.
3300 out of 40000 algo steps done.
3400 out of 40000 algo steps done.
3500 out of 40000 algo steps done.
3600 out of 40000 algo steps done.
3700 out of 40000 algo steps done.
3800 out of 40000 algo steps done.
3900 out of 40000 algo steps done.
4000 out of 40000 algo steps done.
4100 out of 40000 algo steps done.
4200 out of 40000 algo steps done.
4300 out of 40000 algo steps done.
4400 out of 40000 algo steps done.
4500 out of 40000 algo steps done.
4600 out of 40000 algo steps done.
4700 out of 40000 algo steps done.
4800 out of 40000 algo steps done.
4900 out of 40000 algo steps done.
5000 out of 40000 algo steps done.
5100 out of 40000 algo steps done.
5200 out of 40000 algo steps done.
5300 out of 40000 algo steps done.
5400 out of 40000 algo steps done.
5500 out of 40000 algo steps done.
5600 out of 40000 algo steps done.
5700 out of 40000 algo steps done.
5800 out of 40000 algo steps done.
5900 out of 40000 algo steps done.
6000 out of 40000 algo steps done.
6100 out of 40000 algo steps done.
6200 out of 40000 algo steps done.
6300 out of 40000 algo steps done.
6400 out of 40000 algo steps done.
6500 out of 40000 algo steps done.
6600 out of 40000 algo steps done.
6700 out of 40000 algo steps done.
6800 out of 40000 algo steps done.
6900 out of 40000 algo steps done.
7000 out of 40000 algo steps done.
7100 out of 40000 algo steps done.
7200 out of 40000 algo steps done.
7300 out of 40000 algo steps done.
7400 out of 40000 algo steps done.
7500 out of 40000 algo steps done.
7600 out of 40000 algo steps done.
7700 out of 40000 algo steps done.
7800 out of 40000 algo steps done.
7900 out of 40000 algo steps done.
8000 out of 40000 algo steps done.
8100 out of 40000 algo steps done.
8200 out of 40000 algo steps done.
8300 out of 40000 algo steps done.
8400 out of 40000 algo steps done.
8500 out of 40000 algo steps done.
8600 out of 40000 algo steps done.
8700 out of 40000 algo steps done.
8800 out of 40000 algo steps done.
8900 out of 40000 algo steps done.
9000 out of 40000 algo steps done.
9100 out of 40000 algo steps done.
9200 out of 40000 algo steps done.
9300 out of 40000 algo steps done.
9400 out of 40000 algo steps done.
9500 out of 40000 algo steps done.
9600 out of 40000 algo steps done.
9700 out of 40000 algo steps done.
9800 out of 40000 algo steps done.
9900 out of 40000 algo steps done.
10000 out of 40000 algo steps done.
10100 out of 40000 algo steps done.
10200 out of 40000 algo steps done.
10300 out of 40000 algo steps done.
10400 out of 40000 algo steps done.
10500 out of 40000 algo steps done.
10600 out of 40000 algo steps done.
10700 out of 40000 algo steps done.
10800 out of 40000 algo steps done.
10900 out of 40000 algo steps done.
11000 out of 40000 algo steps done.
11100 out of 40000 algo steps done.
11200 out of 40000 algo steps done.
11300 out of 40000 algo steps done.
11400 out of 40000 algo steps done.
11500 out of 40000 algo steps done.
11600 out of 40000 algo steps done.
11700 out of 40000 algo steps done.
11800 out of 40000 algo steps done.
11900 out of 40000 algo steps done.
12000 out of 40000 algo steps done.
12100 out of 40000 algo steps done.
12200 out of 40000 algo steps done.
12300 out of 40000 algo steps done.
12400 out of 40000 algo steps done.
12500 out of 40000 algo steps done.
12600 out of 40000 algo steps done.
12700 out of 40000 algo steps done.
12800 out of 40000 algo steps done.
12900 out of 40000 algo steps done.
13000 out of 40000 algo steps done.
13100 out of 40000 algo steps done.
13200 out of 40000 algo steps done.
13300 out of 40000 algo steps done.
13400 out of 40000 algo steps done.
13500 out of 40000 algo steps done.
13600 out of 40000 algo steps done.
13700 out of 40000 algo steps done.
13800 out of 40000 algo steps done.
13900 out of 40000 algo steps done.
14000 out of 40000 algo steps done.
14100 out of 40000 algo steps done.
14200 out of 40000 algo steps done.
14300 out of 40000 algo steps done.
14400 out of 40000 algo steps done.
14500 out of 40000 algo steps done.
14600 out of 40000 algo steps done.
14700 out of 40000 algo steps done.
14800 out of 40000 algo steps done.
14900 out of 40000 algo steps done.
15000 out of 40000 algo steps done.
15100 out of 40000 algo steps done.
15200 out of 40000 algo steps done.
15300 out of 40000 algo steps done.
15400 out of 40000 algo steps done.
15500 out of 40000 algo steps done.
15600 out of 40000 algo steps done.
15700 out of 40000 algo steps done.
15800 out of 40000 algo steps done.
15900 out of 40000 algo steps done.
16000 out of 40000 algo steps done.
16100 out of 40000 algo steps done.
16200 out of 40000 algo steps done.
16300 out of 40000 algo steps done.
16400 out of 40000 algo steps done.
16500 out of 40000 algo steps done.
16600 out of 40000 algo steps done.
16700 out of 40000 algo steps done.
16800 out of 40000 algo steps done.
16900 out of 40000 algo steps done.
17000 out of 40000 algo steps done.
17100 out of 40000 algo steps done.
17200 out of 40000 algo steps done.
17300 out of 40000 algo steps done.
17400 out of 40000 algo steps done.
17500 out of 40000 algo steps done.
17600 out of 40000 algo steps done.
17700 out of 40000 algo steps done.
17800 out of 40000 algo steps done.
17900 out of 40000 algo steps done.
18000 out of 40000 algo steps done.
18100 out of 40000 algo steps done.
18200 out of 40000 algo steps done.
18300 out of 40000 algo steps done.
18400 out of 40000 algo steps done.
18500 out of 40000 algo steps done.
18600 out of 40000 algo steps done.
18700 out of 40000 algo steps done.
18800 out of 40000 algo steps done.
18900 out of 40000 algo steps done.
19000 out of 40000 algo steps done.
19100 out of 40000 algo steps done.
19200 out of 40000 algo steps done.
19300 out of 40000 algo steps done.
19400 out of 40000 algo steps done.
19500 out of 40000 algo steps done.
19600 out of 40000 algo steps done.
19700 out of 40000 algo steps done.
19800 out of 40000 algo steps done.
19900 out of 40000 algo steps done.
20000 out of 40000 algo steps done.
20100 out of 40000 algo steps done.
20200 out of 40000 algo steps done.
20300 out of 40000 algo steps done.
20400 out of 40000 algo steps done.
20500 out of 40000 algo steps done.
20600 out of 40000 algo steps done.
20700 out of 40000 algo steps done.
20800 out of 40000 algo steps done.
20900 out of 40000 algo steps done.
21000 out of 40000 algo steps done.
21100 out of 40000 algo steps done.
21200 out of 40000 algo steps done.
21300 out of 40000 algo steps done.
21400 out of 40000 algo steps done.
21500 out of 40000 algo steps done.
21600 out of 40000 algo steps done.
21700 out of 40000 algo steps done.
21800 out of 40000 algo steps done.
21900 out of 40000 algo steps done.
22000 out of 40000 algo steps done.
22100 out of 40000 algo steps done.
22200 out of 40000 algo steps done.
22300 out of 40000 algo steps done.
22400 out of 40000 algo steps done.
22500 out of 40000 algo steps done.
22600 out of 40000 algo steps done.
22700 out of 40000 algo steps done.
22800 out of 40000 algo steps done.
22900 out of 40000 algo steps done.
23000 out of 40000 algo steps done.
23100 out of 40000 algo steps done.
23200 out of 40000 algo steps done.
23300 out of 40000 algo steps done.
23400 out of 40000 algo steps done.
23500 out of 40000 algo steps done.
23600 out of 40000 algo steps done.
23700 out of 40000 algo steps done.
23800 out of 40000 algo steps done.
23900 out of 40000 algo steps done.
24000 out of 40000 algo steps done.
24100 out of 40000 algo steps done.
24200 out of 40000 algo steps done.
24300 out of 40000 algo steps done.
24400 out of 40000 algo steps done.
24500 out of 40000 algo steps done.
24600 out of 40000 algo steps done.
24700 out of 40000 algo steps done.
24800 out of 40000 algo steps done.
24900 out of 40000 algo steps done.
25000 out of 40000 algo steps done.
25100 out of 40000 algo steps done.
25200 out of 40000 algo steps done.
25300 out of 40000 algo steps done.
25400 out of 40000 algo steps done.
25500 out of 40000 algo steps done.
25600 out of 40000 algo steps done.
25700 out of 40000 algo steps done.
25800 out of 40000 algo steps done.
25900 out of 40000 algo steps done.
26000 out of 40000 algo steps done.
26100 out of 40000 algo steps done.
26200 out of 40000 algo steps done.
26300 out of 40000 algo steps done.
26400 out of 40000 algo steps done.
26500 out of 40000 algo steps done.
26600 out of 40000 algo steps done.
26700 out of 40000 algo steps done.
26800 out of 40000 algo steps done.
26900 out of 40000 algo steps done.
27000 out of 40000 algo steps done.
27100 out of 40000 algo steps done.
27200 out of 40000 algo steps done.
27300 out of 40000 algo steps done.
27400 out of 40000 algo steps done.
27500 out of 40000 algo steps done.
27600 out of 40000 algo steps done.
27700 out of 40000 algo steps done.
27800 out of 40000 algo steps done.
27900 out of 40000 algo steps done.
28000 out of 40000 algo steps done.
28100 out of 40000 algo steps done.
28200 out of 40000 algo steps done.
28300 out of 40000 algo steps done.
28400 out of 40000 algo steps done.
28500 out of 40000 algo steps done.
28600 out of 40000 algo steps done.
28700 out of 40000 algo steps done.
28800 out of 40000 algo steps done.
28900 out of 40000 algo steps done.
29000 out of 40000 algo steps done.
29100 out of 40000 algo steps done.
29200 out of 40000 algo steps done.
29300 out of 40000 algo steps done.
29400 out of 40000 algo steps done.
29500 out of 40000 algo steps done.
29600 out of 40000 algo steps done.
29700 out of 40000 algo steps done.
29800 out of 40000 algo steps done.
29900 out of 40000 algo steps done.
30000 out of 40000 algo steps done.
30100 out of 40000 algo steps done.
30200 out of 40000 algo steps done.
30300 out of 40000 algo steps done.
30400 out of 40000 algo steps done.
30500 out of 40000 algo steps done.
30600 out of 40000 algo steps done.
30700 out of 40000 algo steps done.
30800 out of 40000 algo steps done.
30900 out of 40000 algo steps done.
31000 out of 40000 algo steps done.
31100 out of 40000 algo steps done.
31200 out of 40000 algo steps done.
31300 out of 40000 algo steps done.
31400 out of 40000 algo steps done.
31500 out of 40000 algo steps done.
31600 out of 40000 algo steps done.
31700 out of 40000 algo steps done.
31800 out of 40000 algo steps done.
31900 out of 40000 algo steps done.
32000 out of 40000 algo steps done.
32100 out of 40000 algo steps done.
32200 out of 40000 algo steps done.
32300 out of 40000 algo steps done.
32400 out of 40000 algo steps done.
32500 out of 40000 algo steps done.
32600 out of 40000 algo steps done.
32700 out of 40000 algo steps done.
32800 out of 40000 algo steps done.
32900 out of 40000 algo steps done.
33000 out of 40000 algo steps done.
33100 out of 40000 algo steps done.
33200 out of 40000 algo steps done.
33300 out of 40000 algo steps done.
33400 out of 40000 algo steps done.
33500 out of 40000 algo steps done.
33600 out of 40000 algo steps done.
33700 out of 40000 algo steps done.
33800 out of 40000 algo steps done.
33900 out of 40000 algo steps done.
34000 out of 40000 algo steps done.
34100 out of 40000 algo steps done.
34200 out of 40000 algo steps done.
34300 out of 40000 algo steps done.
34400 out of 40000 algo steps done.
34500 out of 40000 algo steps done.
34600 out of 40000 algo steps done.
34700 out of 40000 algo steps done.
34800 out of 40000 algo steps done.
34900 out of 40000 algo steps done.
35000 out of 40000 algo steps done.
35100 out of 40000 algo steps done.
35200 out of 40000 algo steps done.
35300 out of 40000 algo steps done.
35400 out of 40000 algo steps done.
35500 out of 40000 algo steps done.
35600 out of 40000 algo steps done.
35700 out of 40000 algo steps done.
35800 out of 40000 algo steps done.
35900 out of 40000 algo steps done.
36000 out of 40000 algo steps done.
36100 out of 40000 algo steps done.
36200 out of 40000 algo steps done.
36300 out of 40000 algo steps done.
36400 out of 40000 algo steps done.
36500 out of 40000 algo steps done.
36600 out of 40000 algo steps done.
36700 out of 40000 algo steps done.
36800 out of 40000 algo steps done.
36900 out of 40000 algo steps done.
37000 out of 40000 algo steps done.
37100 out of 40000 algo steps done.
37200 out of 40000 algo steps done.
37300 out of 40000 algo steps done.
37400 out of 40000 algo steps done.
37500 out of 40000 algo steps done.
37600 out of 40000 algo steps done.
37700 out of 40000 algo steps done.
37800 out of 40000 algo steps done.
37900 out of 40000 algo steps done.
38000 out of 40000 algo steps done.
38100 out of 40000 algo steps done.
38200 out of 40000 algo steps done.
38300 out of 40000 algo steps done.
38400 out of 40000 algo steps done.
38500 out of 40000 algo steps done.
38600 out of 40000 algo steps done.
38700 out of 40000 algo steps done.
38800 out of 40000 algo steps done.
38900 out of 40000 algo steps done.
39000 out of 40000 algo steps done.
39100 out of 40000 algo steps done.
39200 out of 40000 algo steps done.
39300 out of 40000 algo steps done.
39400 out of 40000 algo steps done.
39500 out of 40000 algo steps done.
39600 out of 40000 algo steps done.
39700 out of 40000 algo steps done.
39800 out of 40000 algo steps done.
39900 out of 40000 algo steps done.
delta E = -12
Printout complete
